Arguments: 
  /usr/local/bin/node /Users/riont/.yarn/bin/yarn.js

PATH: 
  /Users/riont/.yarn/bin:/usr/local/bin:/usr/bin:/bin:/usr/sbin:/sbin:/Library/Frameworks/Mono.framework/Versions/Current/Commands:/Users/riont/Library/Android/sdk/tools:/Users/riont/Library/Android/sdk/platform-tools

Yarn version: 
  1.3.2

Node version: 
  6.11.2

Platform: 
  darwin x64

npm manifest: 
  {
    "name": "servicio",
    "version": "0.0.0",
    "author": "jorge mujica <jorgemv1993@gmail.com>",
    "description": "An electron-vue project",
    "license": null,
    "main": "./dist/electron/main.js",
    "scripts": {
      "build": "node .electron-vue/build.js && build",
      "build:dir": "node .electron-vue/build.js && build --dir",
      "build:win32": "node .electron-vue/build.js && build --dir --win --ia32",
      "build:clean": "cross-env BUILD_TARGET=clean node .electron-vue/build.js",
      "build:web": "cross-env BUILD_TARGET=web node .electron-vue/build.js",
      "dev": "node .electron-vue/dev-runner.js",
      "lint": "eslint --ext .js,.vue -f ./node_modules/eslint-friendly-formatter src",
      "lint:fix": "eslint --ext .js,.vue -f ./node_modules/eslint-friendly-formatter --fix src",
      "pack": "npm run pack:main && npm run pack:renderer",
      "pack:main": "cross-env NODE_ENV=production webpack --progress --colors --config .electron-vue/webpack.main.config.js",
      "pack:renderer": "cross-env NODE_ENV=production webpack --progress --colors --config .electron-vue/webpack.renderer.config.js",
      "postinstall": "npm run lint:fix"
    },
    "build": {
      "productName": "servicio",
      "appId": "org.unegDeveloper.sistemaEstudiantil",
      "directories": {
        "output": "build"
      },
      "files": [
        "dist/electron",
        "node_modules/",
        "package.json"
      ],
      "dmg": {
        "contents": [
          {
            "x": 410,
            "y": 150,
            "type": "link",
            "path": "/Applications"
          },
          {
            "x": 130,
            "y": 150,
            "type": "file"
          }
        ]
      },
      "mac": {
        "icon": "build/icons/icon.icns"
      },
      "win": {
        "icon": "build/icons/icon.ico"
      },
      "linux": {
        "icon": "build/icons"
      }
    },
    "dependencies": {
      "axios": "0.16.1",
      "dateformat": "2.0.0",
      "iconv-lite": "0.4.18",
      "material-design-icons": "3.0.1",
      "material-design-icons-loader": "1.0.2",
      "mongoose": "3.8.40",
      "pdfkit": "0.8.2",
      "tingodb": "0.5.1",
      "tungus": "0.0.5",
      "vue": "2.3.3",
      "vue-electron": "1.0.6",
      "vue-router": "2.5.3",
      "vuex": "2.3.1"
    },
    "devDependencies": {
      "babel-core": "6.22.1",
      "babel-eslint": "7.0.0",
      "babel-loader": "7.0.0",
      "babel-plugin-transform-runtime": "6.22.0",
      "babel-preset-env": "1.3.3",
      "babel-preset-stage-0": "6.5.0",
      "babel-register": "6.2.0",
      "babili-webpack-plugin": "0.1.1",
      "cfonts": "1.1.3",
      "chalk": "1.1.3",
      "copy-webpack-plugin": "4.0.1",
      "cross-env": "5.0.0",
      "css-loader": "0.28.4",
      "del": "2.2.1",
      "devtron": "1.1.0",
      "electron": "1.7.2",
      "electron-builder": "18.1.0",
      "electron-debug": "1.1.0",
      "electron-devtools-installer": "2.0.1",
      "electron-rebuild": "1.1.3",
      "eslint": "3.13.1",
      "eslint-config-standard": "10.2.1",
      "eslint-friendly-formatter": "3.0.0",
      "eslint-loader": "1.3.0",
      "eslint-plugin-html": "2.0.0",
      "eslint-plugin-import": "2.3.0",
      "eslint-plugin-node": "4.2.2",
      "eslint-plugin-promise": "3.4.0",
      "eslint-plugin-standard": "3.0.1",
      "extract-text-webpack-plugin": "2.0.0-beta.4",
      "file-loader": "0.11.1",
      "html-webpack-plugin": "2.16.1",
      "json-loader": "0.5.4",
      "multispinner": "0.2.1",
      "style-loader": "0.18.1",
      "url-loader": "0.5.7",
      "vue-html-loader": "1.2.2",
      "vue-loader": "12.2.1",
      "vue-style-loader": "3.0.1",
      "vue-template-compiler": "2.3.3",
      "vuetify": "0.12.7",
      "webpack": "2.2.1",
      "webpack-dev-server": "2.3.0",
      "webpack-hot-middleware": "2.18.0"
    }
  }

yarn manifest: 
  No manifest

Lockfile: 
  No lockfile

Trace: 
  Error: getaddrinfo ENOTFOUND registry.yarnpkg.com registry.yarnpkg.com:443
      at errnoException (dns.js:28:10)
      at GetAddrInfoReqWrap.onlookup [as oncomplete] (dns.js:76:26)
